<?xml version="1.0" encoding="UTF-8"?>
<!-- Generated by org.testng.reporters.JUnitReportReporter -->
<testsuite skipped="0" hostname="surendra" name="com.qa.tests.TC_Login" tests="1" failures="0" timestamp="31 Dec 2019 07:08:50 GMT" time="13.609" errors="0">
  <testcase name="lognmethod" time="13.609" classname="com.qa.tests.TC_Login"/>
</testsuite> <!-- com.qa.tests.TC_Login -->
